<?xml version="1.0" encoding="UTF-8"?>
<!-- Generated by org.testng.reporters.JUnitReportReporter -->
<testsuite hostname="DESKTOP-BUNMG7T" failures="0" tests="1" name="PS1" time="0.023" errors="0" timestamp="2023-10-14T14:56:17 IST" skipped="0">
  <testcase classname="PS1" name="testRun" time="0.023"/>
</testsuite> <!-- PS1 -->
