<?xml version="1.0" encoding="UTF-8"?>
<!-- Generated by org.testng.reporters.JUnitReportReporter -->
<testsuite hostname="DESKTOP-BUNMG7T" failures="0" tests="1" name="RSATest" time="36.139" errors="0" timestamp="2024-02-03T16:59:55 IST" skipped="0">
  <testcase classname="RSATest" name="HomePageCheck" time="36.139"/>
</testsuite> <!-- RSATest -->
