<?xml version="1.0" encoding="UTF-8"?>
<!-- Generated by org.testng.reporters.JUnitReportReporter -->
<testsuite hostname="DESKTOP-BUNMG7T" failures="0" tests="1" name="googleTest" time="32.492" errors="0" timestamp="2024-02-03T16:59:55 IST" skipped="0">
  <testcase classname="googleTest" name="HomePageCheck" time="32.492"/>
</testsuite> <!-- googleTest -->
