<?xml version="1.0" encoding="UTF-8"?>
<!-- Generated by org.testng.reporters.JUnitReportReporter -->
<testsuite hostname="DESKTOP-BUNMG7T" failures="0" tests="1" name="dataDriven.excelDataProvider.excel" time="1.072" errors="0" timestamp="2024-01-26T12:56:37 IST" skipped="0">
  <testcase classname="dataDriven.excelDataProvider.excel" name="getExcel" time="1.072"/>
</testsuite> <!-- dataDriven.excelDataProvider.excel -->
