<?xml version="1.0" encoding="UTF-8"?>
<!-- Generated by org.testng.reporters.JUnitReportReporter -->
<testsuite hostname="DESKTOP-BUNMG7T" failures="0" tests="3" name="dataDriven.excelDataProvider.dataProvider" time="0.021" errors="0" timestamp="2024-01-26T17:06:04 IST" skipped="0">
  <testcase classname="dataDriven.excelDataProvider.dataProvider" name="testCaseData" time="0.005"/>
  <testcase classname="dataDriven.excelDataProvider.dataProvider" name="testCaseData" time="0.013"/>
  <testcase classname="dataDriven.excelDataProvider.dataProvider" name="testCaseData" time="0.003"/>
</testsuite> <!-- dataDriven.excelDataProvider.dataProvider -->
