<?xml version="1.0" encoding="UTF-8"?>
<!-- Generated by org.testng.reporters.JUnitReportReporter -->
<testsuite hostname="DESKTOP-BUNMG7T" failures="0" tests="7" name="test.Demo3" time="0.202" errors="0" timestamp="2023-10-13T22:47:59 IST" skipped="0">
  <testcase classname="test.Demo3" name="Mobilesignoutcarloan" time="0.054"/>
  <testcase classname="test.Demo3" name="Mobilesignoutcarloan" time="0.071"/>
  <testcase classname="test.Demo3" name="Weblogincarloan" time="0.009"/>
  <testcase classname="test.Demo3" name="Mobilelogincarloan" time="0.012"/>
  <testcase classname="test.Demo3" name="APIcarloan" time="0.034"/>
  <testcase classname="test.Demo3" name="Mobilesignoutcarloan" time="0.012"/>
  <testcase classname="test.Demo3" name="Mobilesignincarloan" time="0.010"/>
</testsuite> <!-- test.Demo3 -->
