<?xml version="1.0" encoding="UTF-8"?>
<!-- Generated by org.testng.reporters.JUnitReportReporter -->
<testsuite hostname="DESKTOP-BUNMG7T" failures="0" tests="1" name="test.Demo2" time="0.027" errors="0" timestamp="2023-10-13T22:47:59 IST" skipped="0">
  <testcase classname="test.Demo2" name="Ploan" time="0.027"/>
</testsuite> <!-- test.Demo2 -->
