<?xml version="1.0" encoding="UTF-8"?>
<!-- Generated by org.testng.reporters.JUnitReportReporter -->
<testsuite hostname="DESKTOP-BUNMG7T" failures="0" tests="1" name="rahulshettyacademy.ExtentReports.ExtentReportDemo" time="6.147" errors="0" timestamp="2023-12-24T18:28:45 IST" skipped="0">
  <testcase classname="rahulshettyacademy.ExtentReports.ExtentReportDemo" name="initialDemo" time="6.147"/>
</testsuite> <!-- rahulshettyacademy.ExtentReports.ExtentReportDemo -->
